epoch,acc,loss,val_acc,val_loss
0,0.776741759418,0.477126765792,0.863709332192,0.327027989985
1,0.860231164384,0.335042127625,0.91379494863,0.231757452992
2,0.885996361301,0.284688271531,0.922463613014,0.216910537843
3,0.896738548801,0.261143098879,0.928777825342,0.201565103988
4,0.90385541524,0.24684492246,0.921875,0.216655781314
5,0.910183005137,0.236284376683,0.935573630137,0.185729951993
6,0.910811750856,0.233312354321,0.940175513699,0.173958905654
7,0.913473886986,0.22697649419,0.939586900685,0.178768737905
8,0.915774828767,0.2218794436,0.942369434932,0.167080465551
9,0.918075770548,0.217012130655,0.920162671233,0.227180158184
10,0.919186108733,0.216328435973,0.938195633562,0.174538541381
11,0.921767979452,0.210604800894,0.943439640411,0.173918454819
12,0.920229559075,0.21369331538,0.937285958904,0.184890114536
13,0.922637521404,0.20666403932,0.943011558219,0.169534556568
14,0.922610766267,0.207798629897,0.941994863014,0.167142374518
15,0.924644156678,0.203287103877,0.946275684932,0.161319253379
16,0.924510380993,0.204565080431,0.941513270548,0.167141593584
17,0.925219392123,0.200688568505,0.947773972603,0.159665246839
18,0.926958476027,0.198362085216,0.944830907534,0.165052980236
19,0.926075556507,0.19836448207,0.943225599315,0.167729383615
20,0.926918343322,0.197631244178,0.947452910959,0.158993779108
21,0.928068814212,0.197233930077,0.947613441781,0.156239493023
22,0.928363120719,0.196473991715,0.947185359589,0.157318289558
23,0.929353060788,0.192477950418,0.944991438356,0.162081593163
24,0.929620612158,0.193729007476,0.947613441781,0.159620279497
25,0.929981806507,0.192801215724,0.946168664384,0.161659752172
26,0.930316245719,0.192924698304,0.945473030822,0.160142505159
27,0.93012895976,0.192642931584,0.947292380137,0.159643721499
28,0.930463398973,0.190954733678,0.946275684932,0.155539139161
29,0.93110552226,0.190855993328,0.945633561644,0.159130874613
30,0.930985124144,0.189906979222,0.950610017123,0.155114460813
31,0.931921553938,0.190552518397,0.949860873288,0.1509337389
32,0.932724208048,0.188158127888,0.950717037671,0.151936100515
33,0.93288473887,0.187502004576,0.948469606164,0.158188431868
34,0.931159032534,0.188982237985,0.947131849315,0.15823231612
35,0.932550299658,0.186308394212,0.951038099315,0.151149849675
36,0.932710830479,0.18700882286,0.950181934932,0.149801663748
37,0.932068707192,0.186517592838,0.949700342466,0.153296358628
38,0.933700770548,0.18484215159,0.948148544521,0.154958345404
39,0.932429901541,0.185969671222,0.950235445205,0.153307504595
40,0.932978381849,0.187128861907,0.948790667808,0.155601157769
41,0.934222495719,0.183771564638,0.947506421233,0.155040589123
42,0.935506742295,0.183478971063,0.945151969178,0.16087124535
43,0.934209118151,0.183859486988,0.952108304795,0.143050675574
44,0.935025149829,0.181234388969,0.949593321918,0.149507974568
45,0.93439640411,0.182716901656,0.949058219178,0.151918788275
46,0.933941566781,0.184022061284,0.951573202055,0.147799796208
47,0.934998394692,0.183617821831,0.950556506849,0.149724142958
48,0.934824486301,0.181318839833,0.951626712329,0.148640398038
49,0.933928189212,0.185194218888,0.94868364726,0.15172281078
50,0.935680650685,0.180033420927,0.951038099315,0.148548642403
51,0.934931506849,0.182521974426,0.951305650685,0.147989226276
52,0.935854559075,0.181049199188,0.949646832192,0.151956840508
53,0.935239190925,0.181800920746,0.95002140411,0.151261090799
54,0.935560252568,0.179961805538,0.950770547945,0.14916718047
55,0.936041845034,0.178835969329,0.950235445205,0.147874227355
56,0.935359589041,0.180369230204,0.951840753425,0.146959210937
57,0.935065282534,0.180050626231,0.951947773973,0.145063178741
58,0.935867936644,0.179502495386,0.950395976027,0.148748646197
59,0.935346211473,0.180082536979,0.948255565068,0.15488240628
60,0.935974957192,0.178134679501,0.950984589041,0.150476036925
61,0.936322773973,0.179071114794,0.953339041096,0.140694316145
62,0.936202375856,0.178521268165,0.949004708904,0.152943667101
63,0.936724101027,0.178869016201,0.951626712329,0.14529515165
64,0.936055222603,0.179292831595,0.950931078767,0.148199918233
65,0.936750856164,0.177503679216,0.952429366438,0.145336513956
66,0.937285958904,0.176115727129,0.953874143836,0.144666348265
67,0.937740796233,0.177492314235,0.950984589041,0.148120002796
68,0.938061857877,0.175120437046,0.952108304795,0.146499015544
69,0.937112050514,0.176629772754,0.951733732877,0.149167976738
70,0.937045162671,0.177745156692,0.951198630137,0.143539350965
71,0.937419734589,0.176512301683,0.950074914384,0.151653233099
72,0.937018407534,0.177695840891,0.953499571918,0.142439305706
73,0.93723244863,0.175102404255,0.951305650685,0.146043109312
74,0.936857876712,0.177944158918,0.951733732877,0.146529145819
75,0.938369541952,0.175530567829,0.950610017123,0.146590179241
76,0.937593642979,0.174789062778,0.94948630137,0.151333960309
77,0.936911386986,0.178799747502,0.954997859589,0.142805228597
78,0.938623715753,0.174288975981,0.951038099315,0.14774243998
79,0.937794306507,0.176551209431,0.952375856164,0.141491640334
80,0.936403039384,0.175735728228,0.94895119863,0.153363322558
81,0.937834439212,0.175737017064,0.955747003425,0.140822444468
82,0.938730736301,0.17340343693,0.948148544521,0.152522086689
83,0.93803510274,0.175796203921,0.952803938356,0.144889560579
84,0.938316031678,0.174671974135,0.951198630137,0.146152029146
85,0.937285958904,0.177075921137,0.950931078767,0.144900976234
86,0.937981592466,0.174738683419,0.952803938356,0.144481096799
87,0.93874411387,0.173683809805,0.952910958904,0.145362030817
88,0.938342786815,0.174554910932,0.951680222603,0.146655982003
89,0.937071917808,0.17527233128,0.953125,0.145353280977
90,0.938503317637,0.173088266119,0.952750428082,0.146464242153
91,0.937620398116,0.175559676558,0.952429366438,0.141599124246
92,0.937473244863,0.174843400525,0.95258989726,0.146547578683
93,0.940001605308,0.171918007188,0.952215325342,0.146439295696
